<?xml version="1.0" encoding="UTF-8"?>
<testsuite xmlns:xsi="http://www.w3.org/2001/XMLSchema-instance" xsi:schemaLocation="https://maven.apache.org/surefire/maven-surefire-plugin/xsd/surefire-test-report.xsd" name="code_coverage_4.code_coverage_4.TestFunc1" time="0.116" tests="2" errors="0" skipped="0" failures="0">
  <properties>
[...]
</properties>
  <testcase name="test1" classname="code_coverage_4.code_coverage_4.TestFunc1" time="0.008"/>
  <testcase name="test2" classname="code_coverage_4.code_coverage_4.TestFunc1" time="0.002"/>
</testsuite>